<?xml version="1.0" encoding="UTF-8" ?>
<testsuite failures="0" time="0.539" errors="0" skipped="0" tests="1" name="SiteMeshMojoTestCase">
  <properties>
    <property name="java.vendor" value="Apple Inc."/>
    <property name="localRepository" value="/Users/rburton/.m2/repository"/>
    <property name="sun.java.launcher" value="SUN_STANDARD"/>
    <property name="sun.management.compiler" value="HotSpot 64-Bit Server Compiler"/>
    <property name="os.name" value="Mac OS X"/>
    <property name="sun.boot.class.path" value="/System/Library/Frameworks/JavaVM.framework/Versions/1.6.0/Classes/classes.jar:/System/Library/Frameworks/JavaVM.framework/Versions/1.6.0/Classes/ui.jar:/System/Library/Frameworks/JavaVM.framework/Versions/1.6.0/Classes/laf.jar:/System/Library/Frameworks/JavaVM.framework/Versions/1.6.0/Classes/sunrsasign.jar:/System/Library/Frameworks/JavaVM.framework/Versions/1.6.0/Classes/jsse.jar:/System/Library/Frameworks/JavaVM.framework/Versions/1.6.0/Classes/jce.jar:/System/Library/Frameworks/JavaVM.framework/Versions/1.6.0/Classes/charsets.jar"/>
    <property name="env.TMPDIR" value="/var/folders/k7/k75NKvxpGDKqUp9AD1cJmk+++TQ/-Tmp-/"/>
    <property name="env.PWD" value="/source/sm/sitemesh3"/>
    <property name="env.LANG" value="en_US.UTF-8"/>
    <property name="java.vm.specification.vendor" value="Sun Microsystems Inc."/>
    <property name="java.runtime.version" value="1.6.0_07-b06-153"/>
    <property name="env.Apple_PubSub_Socket_Render" value="/tmp/launch-gOBE6s/Render"/>
    <property name="env.DISPLAY" value="/tmp/launch-zm5RfW/:0"/>
    <property name="user.name" value="rburton"/>
    <property name="env.USER" value="rburton"/>
    <property name="env.SHELL" value="/bin/bash"/>
    <property name="env.__CF_USER_TEXT_ENCODING" value="0x1F7:0:0"/>
    <property name="awt.nativeDoubleBuffering" value="true"/>
    <property name="env.PATH" value="/usr/bin:/bin:/usr/sbin:/sbin:/usr/local/bin:/usr/X11/bin:/usr/local/git/bin:/opt/local/bin:/opt/grails-1.1.1/bin:/opt/air_sdk/bin:/opt/flex_sdk_3/bin:/opt/scala-2.7.3.final/bin:/System/Library/Frameworks/JavaVM.framework/Versions/1.6/Home/bin:/opt/roo/bin:/opt/pax"/>
    <property name="user.language" value="en"/>
    <property name="sun.boot.library.path" value="/System/Library/Frameworks/JavaVM.framework/Versions/1.6.0/Libraries"/>
    <property name="classworlds.conf" value="/opt/maven/bin/m2.conf"/>
    <property name="java.version" value="1.6.0_07"/>
    <property name="user.timezone" value="America/New_York"/>
    <property name="sun.arch.data.model" value="64"/>
    <property name="env.AIR_HOME" value="/opt/air_sdk"/>
    <property name="http.nonProxyHosts" value="local|*.local|169.254/16|*.169.254/16"/>
    <property name="java.endorsed.dirs" value="/System/Library/Frameworks/JavaVM.framework/Versions/1.6.0/Home/lib/endorsed"/>
    <property name="env.FLEX_HOME" value="/opt/flex_sdk_3"/>
    <property name="sun.cpu.isalist" value=""/>
    <property name="sun.jnu.encoding" value="MacRoman"/>
    <property name="file.encoding.pkg" value="sun.io"/>
    <property name="env.SHLVL" value="1"/>
    <property name="file.separator" value="/"/>
    <property name="java.specification.name" value="Java Platform API Specification"/>
    <property name="java.class.version" value="50.0"/>
    <property name="user.country" value="US"/>
    <property name="java.home" value="/System/Library/Frameworks/JavaVM.framework/Versions/1.6.0/Home"/>
    <property name="java.vm.info" value="mixed mode"/>
    <property name="env.LOGNAME" value="rburton"/>
    <property name="os.version" value="10.5.6"/>
    <property name="env.TERM_PROGRAM_VERSION" value="240"/>
    <property name="path.separator" value=":"/>
    <property name="java.vm.version" value="1.6.0_07-b06-57"/>
    <property name="env.JAVA_HOME" value="/System/Library/Frameworks/JavaVM.framework/Versions/1.6/Home"/>
    <property name="java.awt.printerjob" value="apple.awt.CPrinterJob"/>
    <property name="env.TERM" value="xterm-color"/>
    <property name="sun.io.unicode.encoding" value="UnicodeLittle"/>
    <property name="awt.toolkit" value="apple.awt.CToolkit"/>
    <property name="socksNonProxyHosts" value="local|*.local|169.254/16|*.169.254/16"/>
    <property name="ftp.nonProxyHosts" value="local|*.local|169.254/16|*.169.254/16"/>
    <property name="env.MANPATH" value="/usr/share/man:/usr/local/share/man:/usr/X11/man:/usr/local/git/man"/>
    <property name="user.home" value="/Users/rburton"/>
    <property name="java.specification.vendor" value="Sun Microsystems Inc."/>
    <property name="env.JAVA_MAIN_CLASS_26170" value="org.codehaus.classworlds.Launcher"/>
    <property name="env.TERM_PROGRAM" value="Apple_Terminal"/>
    <property name="env.M2_HOME" value="/opt/maven"/>
    <property name="java.library.path" value=".:/Library/Java/Extensions:/System/Library/Java/Extensions:/usr/lib/java"/>
    <property name="java.vendor.url" value="http://www.apple.com/"/>
    <property name="java.vm.vendor" value="Apple Inc."/>
    <property name="gopherProxySet" value="false"/>
    <property name="maven.home" value="/opt/maven"/>
    <property name="java.runtime.name" value="Java(TM) SE Runtime Environment"/>
    <property name="java.class.path" value="/opt/maven/boot/classworlds-1.1.jar"/>
    <property name="env.PAX_HOME" value="/opt/pax"/>
    <property name="java.vm.specification.name" value="Java Virtual Machine Specification"/>
    <property name="java.vm.specification.version" value="1.0"/>
    <property name="sun.cpu.endian" value="little"/>
    <property name="sun.os.patch.level" value="unknown"/>
    <property name="env.ROO_HOME" value="/opt/roo"/>
    <property name="env.HOME" value="/Users/rburton"/>
    <property name="surefire.test.class.path" value="/source/sm/sitemesh3/maven-sitemesh3-plugin/target/test-classes:/source/sm/sitemesh3/maven-sitemesh3-plugin/target/classes:/Users/rburton/.m2/repository/org/apache/maven/maven-plugin-api/2.0/maven-plugin-api-2.0.jar:/Users/rburton/.m2/repository/org/apache/maven/shared/file-management/1.2/file-management-1.2.jar:/Users/rburton/.m2/repository/org/apache/maven/shared/maven-shared-io/1.1/maven-shared-io-1.1.jar:/Users/rburton/.m2/repository/org/apache/maven/maven-artifact/2.0/maven-artifact-2.0.jar:/Users/rburton/.m2/repository/org/codehaus/plexus/plexus-utils/1.4.6/plexus-utils-1.4.6.jar:/Users/rburton/.m2/repository/org/apache/maven/maven-artifact-manager/2.0/maven-artifact-manager-2.0.jar:/Users/rburton/.m2/repository/org/apache/maven/maven-repository-metadata/2.0/maven-repository-metadata-2.0.jar:/Users/rburton/.m2/repository/org/codehaus/plexus/plexus-container-default/1.0-alpha-9/plexus-container-default-1.0-alpha-9.jar:/Users/rburton/.m2/repository/junit/junit/3.8.1/junit-3.8.1.jar:/Users/rburton/.m2/repository/classworlds/classworlds/1.1-alpha-2/classworlds-1.1-alpha-2.jar:/Users/rburton/.m2/repository/org/apache/maven/wagon/wagon-provider-api/1.0-alpha-6/wagon-provider-api-1.0-alpha-6.jar:/source/sm/sitemesh3/sitemesh/target/sitemesh-3.0.0-SNAPSHOT.jar:/Users/rburton/.m2/repository/org/apache/maven/plugin-testing/maven-plugin-testing-harness/1.2/maven-plugin-testing-harness-1.2.jar:/Users/rburton/.m2/repository/org/apache/maven/maven-project/2.0/maven-project-2.0.jar:/Users/rburton/.m2/repository/org/apache/maven/maven-profile/2.0/maven-profile-2.0.jar:/Users/rburton/.m2/repository/org/apache/maven/maven-model/2.0/maven-model-2.0.jar:/Users/rburton/.m2/repository/org/apache/maven/maven-core/2.0/maven-core-2.0.jar:/Users/rburton/.m2/repository/org/apache/maven/maven-settings/2.0/maven-settings-2.0.jar:/Users/rburton/.m2/repository/org/apache/maven/wagon/wagon-file/1.0-alpha-5/wagon-file-1.0-alpha-5.jar:/Users/rburton/.m2/repository/org/apache/maven/maven-plugin-parameter-documenter/2.0/maven-plugin-parameter-documenter-2.0.jar:/Users/rburton/.m2/repository/org/apache/maven/wagon/wagon-http-lightweight/1.0-alpha-5/wagon-http-lightweight-1.0-alpha-5.jar:/Users/rburton/.m2/repository/org/apache/maven/reporting/maven-reporting-api/2.0/maven-reporting-api-2.0.jar:/Users/rburton/.m2/repository/doxia/doxia-sink-api/1.0-alpha-4/doxia-sink-api-1.0-alpha-4.jar:/Users/rburton/.m2/repository/org/apache/maven/maven-error-diagnostics/2.0/maven-error-diagnostics-2.0.jar:/Users/rburton/.m2/repository/org/apache/maven/maven-plugin-registry/2.0/maven-plugin-registry-2.0.jar:/Users/rburton/.m2/repository/commons-cli/commons-cli/1.0/commons-cli-1.0.jar:/Users/rburton/.m2/repository/org/apache/maven/maven-plugin-descriptor/2.0/maven-plugin-descriptor-2.0.jar:/Users/rburton/.m2/repository/org/codehaus/plexus/plexus-interactivity-api/1.0-alpha-4/plexus-interactivity-api-1.0-alpha-4.jar:/Users/rburton/.m2/repository/org/apache/maven/maven-monitor/2.0/maven-monitor-2.0.jar:/Users/rburton/.m2/repository/org/apache/maven/wagon/wagon-ssh/1.0-alpha-5/wagon-ssh-1.0-alpha-5.jar:/Users/rburton/.m2/repository/com/jcraft/jsch/0.1.23/jsch-0.1.23.jar:/Users/rburton/.m2/repository/org/codehaus/plexus/plexus-archiver/1.0-alpha-7/plexus-archiver-1.0-alpha-7.jar:"/>
    <property name="java.io.tmpdir" value="/tmp"/>
    <property name="java.vendor.url.bug" value="http://bugreport.apple.com/"/>
    <property name="env.SSH_AUTH_SOCK" value="/tmp/launch-taYwqp/Listeners"/>
    <property name="env.MAVEN_OPTS" value="-Xmx512m -XX:MaxPermSize=128m"/>
    <property name="env.COMMAND_MODE" value="unix2003"/>
    <property name="java.awt.graphicsenv" value="apple.awt.CGraphicsEnvironment"/>
    <property name="os.arch" value="x86_64"/>
    <property name="java.ext.dirs" value="/Library/Java/Extensions:/System/Library/Java/Extensions:/System/Library/Frameworks/JavaVM.framework/Versions/1.6.0/Home/lib/ext"/>
    <property name="user.dir" value="/source/sm/sitemesh3/maven-sitemesh3-plugin"/>
    <property name="mrj.version" value="1040.1.6.0_07-153"/>
    <property name="line.separator" value="
"/>
    <property name="java.vm.name" value="Java HotSpot(TM) 64-Bit Server VM"/>
    <property name="basedir" value="/source/sm/sitemesh3/maven-sitemesh3-plugin"/>
    <property name="env.SCALA_HOME" value="/opt/scala-2.7.3.final"/>
    <property name="file.encoding" value="MacRoman"/>
    <property name="env.GRAILS_HOME" value="/opt/grails-1.1.1"/>
    <property name="java.specification.version" value="1.6"/>
  </properties>
  <testcase time="0.487" classname="SiteMeshMojoTestCase" name="testMojoGoal"/>
</testsuite>